<?xml version="1.0" encoding="UTF-8"?>
<testsuite xmlns:xsi="http://www.w3.org/2001/XMLSchema-instance" xsi:noNamespaceSchemaLocation="https://maven.apache.org/surefire/maven-surefire-plugin/xsd/surefire-test-report.xsd" name="br.com.alelo.negocio.GerenciadoraContasTest" time="0.1" tests="5" errors="0" skipped="0" failures="0">
  <properties>
[...]
</properties>
  <testcase name="testTransfereValor_SaldoInsuficiente" classname="br.com.alelo.negocio.GerenciadoraContasTest" time="0.015"/>
  <testcase name="testTransfereValor_SaldoNegativo" classname="br.com.alelo.negocio.GerenciadoraContasTest" time="0"/>
  <testcase name="testTransfereValor" classname="br.com.alelo.negocio.GerenciadoraContasTest" time="0"/>
  <testcase name="testTransfereValor_SaldoNegativoParaNegativo" classname="br.com.alelo.negocio.GerenciadoraContasTest" time="0"/>
  <testcase name="testTransfereValor_Nenhum" classname="br.com.alelo.negocio.GerenciadoraContasTest" time="0"/>
</testsuite>